2024-09-10 23:04:50,383 - INFO - 自动联网脚本开始运行...
2024-09-10 23:04:50,391 - INFO - 当前未登录
2024-09-10 23:04:50,492 - INFO - 已尝试登录：200
2024-09-10 23:05:05,797 - INFO - 自动联网脚本开始运行...
2024-09-10 23:05:05,803 - INFO - 当前未登录
2024-09-10 23:05:05,903 - INFO - 已尝试登录：200
2024-09-10 23:07:03,971 - INFO - 自动联网脚本开始运行...
2024-09-10 23:07:03,979 - INFO - 当前已登录
2024-09-10 23:08:11,652 - INFO - 自动联网脚本开始运行...
2024-09-10 23:08:11,664 - INFO - 当前已登录
2024-09-10 23:08:36,159 - INFO - 自动联网脚本开始运行...
2024-09-10 23:08:36,170 - INFO - 当前未登录
2024-09-10 23:08:36,270 - INFO - 已尝试登录：200
2024-09-10 23:09:21,897 - INFO - 自动联网脚本开始运行...
2024-09-10 23:09:21,903 - INFO - 当前已登录
2024-09-10 23:10:29,176 - INFO - 自动联网脚本开始运行...
2024-09-10 23:10:29,184 - INFO - 当前未登录
2024-09-10 23:10:29,466 - INFO - 已尝试登录：200
2024-09-10 23:11:24,916 - INFO - 自动联网脚本开始运行...
2024-09-10 23:11:24,924 - INFO - 当前未登录
2024-09-10 23:11:25,023 - INFO - 已尝试登录：200
2024-09-10 23:11:56,632 - INFO - 自动联网脚本开始运行...
2024-09-10 23:11:56,640 - INFO - 当前未登录
2024-09-10 23:11:56,739 - INFO - 已尝试登录：200
2024-09-10 23:19:38,756 - INFO - 自动联网脚本开始运行...
2024-09-10 23:19:38,764 - INFO - 当前未登录
2024-09-10 23:19:38,863 - INFO - 已尝试登录：200
2024-09-10 23:19:50,702 - INFO - 自动联网脚本开始运行...
2024-09-10 23:19:50,711 - INFO - 当前未登录
2024-09-10 23:19:50,856 - INFO - 已尝试登录：200
2024-09-10 23:20:17,334 - INFO - 自动联网脚本开始运行...
2024-09-10 23:20:17,340 - INFO - 当前已登录
2024-09-10 23:20:36,015 - INFO - 自动联网脚本开始运行...
2024-09-10 23:26:43,848 - INFO - 自动联网脚本开始运行...
2024-09-10 23:26:43,850 - ERROR - <urlopen error [WinError 10065] 套接字操作尝试一个无法连接的主机。>
2024-09-10 23:27:40,336 - INFO - 自动联网脚本开始运行...
2024-09-10 23:27:40,337 - ERROR - <urlopen error [WinError 10065] 套接字操作尝试一个无法连接的主机。>
2024-09-10 23:27:40,337 - INFO - 请检查是否连接到校园网
2024-09-11 21:45:13,136 - INFO - 自动联网脚本开始运行...
2024-09-11 21:55:59,354 - INFO - 自动联网脚本开始运行...
2024-09-11 21:56:19,516 - INFO - 自动联网脚本开始运行...
2024-09-11 21:56:19,624 - INFO - 当前未登录
2024-09-11 21:56:19,769 - INFO - 已尝试登录：200
2024-09-11 21:56:27,896 - INFO - 自动联网脚本开始运行...
2024-09-11 21:56:28,004 - INFO - 当前未登录
2024-09-11 21:56:28,144 - INFO - 已尝试登录：200
2024-09-11 21:56:57,339 - INFO - 自动联网脚本开始运行...
2024-09-11 21:56:57,449 - INFO - 已登录
2024-09-11 22:01:36,307 - INFO - 自动联网脚本开始运行...
2024-09-11 22:01:36,315 - INFO - 尝试登出
2024-09-11 22:01:36,415 - INFO - 当前未登录
2024-09-11 22:01:36,541 - INFO - 已尝试登录：200
2024-09-11 23:37:16,447 - INFO - 自动联网脚本开始运行...
2024-09-11 23:37:16,474 - INFO - 尝试登出
2024-09-11 23:37:16,556 - INFO - 已登录
2024-09-11 23:37:31,947 - INFO - 自动联网脚本开始运行...
2024-09-11 23:37:31,955 - INFO - 尝试登出
2024-09-11 23:37:32,054 - INFO - 当前未登录
2024-09-11 23:37:32,194 - INFO - 已尝试登录：200
2024-09-11 23:38:00,946 - INFO - 自动联网脚本开始运行...
2024-09-11 23:38:00,994 - INFO - 尝试登出
2024-09-11 23:38:01,063 - INFO - 已登录
2024-09-11 23:41:26,499 - INFO - 自动联网脚本开始运行...
2024-09-11 23:41:26,507 - INFO - 尝试登出
2024-09-11 23:41:26,606 - INFO - 当前未登录
2024-09-11 23:41:26,764 - INFO - 已尝试登录：200
2024-09-11 23:41:55,736 - INFO - 自动联网脚本开始运行...
2024-09-11 23:41:55,807 - INFO - 尝试登出
2024-09-11 23:41:55,844 - INFO - 已登录
2024-09-11 23:42:40,596 - INFO - 自动联网脚本开始运行...
2024-09-11 23:42:40,603 - INFO - 尝试登出
2024-09-11 23:42:41,609 - INFO - 当前未登录
2024-09-11 23:42:41,764 - INFO - 已尝试登录：200
2024-09-11 23:42:48,988 - INFO - 自动联网脚本开始运行...
2024-09-11 23:42:49,024 - INFO - 尝试登出
2024-09-11 23:42:50,029 - INFO - 已登录
2024-09-11 23:43:10,866 - INFO - 自动联网脚本开始运行...
2024-09-11 23:43:10,894 - INFO - 尝试登出
2024-09-11 23:43:20,901 - INFO - 当前未登录
2024-09-11 23:43:21,034 - INFO - 已尝试登录：200
2024-09-11 23:43:50,019 - INFO - 自动联网脚本开始运行...
2024-09-11 23:43:50,047 - INFO - 尝试登出
2024-09-11 23:43:52,055 - INFO - 当前未登录
2024-09-11 23:43:52,206 - INFO - 已尝试登录：200
2024-09-11 23:44:07,387 - INFO - 自动联网脚本开始运行...
2024-09-11 23:44:07,414 - INFO - 尝试登出
2024-09-11 23:44:08,421 - INFO - 当前未登录
2024-09-11 23:44:08,556 - INFO - 已尝试登录：200
2024-09-11 23:44:15,106 - INFO - 自动联网脚本开始运行...
2024-09-11 23:44:15,156 - INFO - 尝试登出
2024-09-11 23:44:16,161 - INFO - 当前未登录
2024-09-11 23:44:16,294 - INFO - 已尝试登录：200
2024-09-11 23:48:49,923 - INFO - 自动联网脚本开始运行...
2024-09-11 23:48:50,016 - INFO - 尝试登出
2024-09-11 23:48:51,023 - INFO - 已登录
2024-09-11 23:49:45,714 - INFO - 自动联网脚本开始运行...
2024-09-11 23:49:45,723 - INFO - 尝试登出
2024-09-11 23:49:46,731 - INFO - 当前未登录
2024-09-11 23:49:46,865 - INFO - 已尝试登录：200
2024-09-12 00:07:30,262 - INFO - 自动联网脚本开始运行...
2024-09-12 00:08:45,996 - INFO - 自动联网脚本开始运行...
2024-09-12 00:08:50,545 - INFO - 已登录
2024-09-12 00:10:23,209 - INFO - 自动联网脚本开始运行...
2024-09-12 00:10:27,880 - INFO - 当前未登录，尝试登录...
2024-09-12 00:10:28,025 - INFO - 已尝试登录：状态码 200
2024-09-12 00:26:46,728 - INFO - 自动联网脚本开始运行...
2024-09-12 00:26:51,287 - INFO - 已登录
